#
# There is insufficient memory for the Java Runtime Environment to continue.
# Native memory allocation (mmap) failed to map 201326592 bytes for Failed to commit area from 0x0000000741c00000 to 0x000000074dc00000 of length 201326592.
# Possible reasons:
#   The system is out of physical RAM or swap space
#   The process is running with CompressedOops enabled, and the Java Heap may be blocking the growth of the native heap
# Possible solutions:
#   Reduce memory load on the system
#   Increase physical memory or swap space
#   Check if swap backing store is full
#   Decrease Java heap size (-Xmx/-Xms)
#   Decrease number of Java threads
#   Decrease Java thread stack sizes (-Xss)
#   Set larger code cache with -XX:ReservedCodeCacheSize=
# This output file may be truncated or incomplete.
#
#  Out of Memory Error (./src/hotspot/os/windows/os_windows.cpp:3303), pid=2692, tid=6652
#
# JRE version:  (11.0.8+10) (build )
# Java VM: OpenJDK 64-Bit Server VM (11.0.8+10-b944.31, mixed mode, sharing, tiered, compressed oops, g1 gc, windows-amd64)
# No core dump will be written. Minidumps are not enabled by default on client versions of Windows
#

---------------  S U M M A R Y ------------

Command Line: org.jetbrains.git4idea.http.GitAskPassApp Username for 'https://github.com': 

Host: Intel(R) Core(TM) i7-3632QM CPU @ 2.20GHz, 8 cores, 11G,  Windows 10 , 64 bit Build 18362 (10.0.18362.1082)
Time: Sat Sep 19 11:05:33 2020 RTZ 2 (ceia) elapsed time: 0 seconds (0d 0h 0m 0s)

---------------  T H R E A D  ---------------

Current thread (0x00000224ac3bb800):  JavaThread "Unknown thread" [_thread_in_vm, id=6652, stack(0x000000e926900000,0x000000e926a00000)]

Stack: [0x000000e926900000,0x000000e926a00000]
Native frames: (J=compiled Java code, j=interpreted, Vv=VM code, C=native code)
V  [jvm.dll+0x5de35a]
V  [jvm.dll+0x712355]
V  [jvm.dll+0x7138ad]
V  [jvm.dll+0x713f63]
V  [jvm.dll+0x23e628]
V  [jvm.dll+0x5db804]
V  [jvm.dll+0x5d0925]
V  [jvm.dll+0x2faf9b]
V  [jvm.dll+0x2faf0a]
V  [jvm.dll+0x2fade2]
V  [jvm.dll+0x2ffcb6]
V  [jvm.dll+0x3483a3]
V  [jvm.dll+0x348aa6]
V  [jvm.dll+0x3484a3]
V  [jvm.dll+0x2d5be8]
V  [jvm.dll+0x2d6d87]
V  [jvm.dll+0x6f10e7]
V  [jvm.dll+0x6f28dc]
V  [jvm.dll+0x3558f9]
V  [jvm.dll+0x6d492e]
V  [jvm.dll+0x3bdad3]
V  [jvm.dll+0x3bfd01]
C  [jli.dll+0x5373]
C  [ucrtbase.dll+0x20e82]
C  [KERNEL32.DLL+0x17bd4]
C  [ntdll.dll+0x6ce51]


---------------  P R O C E S S  ---------------

Threads class SMR info:
_java_thread_list=0x00000224aa156120, length=0, elements={
}

Java Threads: ( => current thread )

Other Threads:
  0x00000224ac3d5800 GCTaskThread "GC Thread#0" [stack: 0x000000e926a00000,0x000000e926b00000] [id=14108]
  0x00000224ac41b800 ConcurrentGCThread "G1 Main Marker" [stack: 0x000000e926b00000,0x000000e926c00000] [id=7584]
  0x00000224ac41d000 ConcurrentGCThread "G1 Conc#0" [stack: 0x000000e926c00000,0x000000e926d00000] [id=1408]

[error occurred during error reporting (printing all threads), id 0xc0000005, EXCEPTION_ACCESS_VIOLATION (0xc0000005) at pc=0x00007ffe0d8160c7]

VM state:not at safepoint (not fully initialized)

VM Mutex/Monitor currently owned by a thread:  ([mutex/lock_event])
[0x00000224ac3b71b0] Heap_lock - owner thread: 0x00000224ac3bb800

Heap address: 0x0000000741c00000, size: 3044 MB, Compressed Oops mode: Non-zero based: 0x0000000741c00000
Narrow klass base: 0x0000000000000000, Narrow klass shift: 0

GC Heap History (0 events):
No events

Deoptimization events (0 events):
No events

Classes redefined (0 events):
No events

Internal exceptions (0 events):
No events

Events (1 events):
Event: 0.006 Loaded shared library C:\Program Files\JetBrains\WebStorm 2019.3.3\jbr\bin\zip.dll


Dynamic libraries:
0x00007ff7867a0000 - 0x00007ff7867aa000 	C:\Program Files\JetBrains\WebStorm 2019.3.3\jbr\bin\java.exe
0x00007ffe616e0000 - 0x00007ffe618d0000 	C:\WINDOWS\SYSTEM32\ntdll.dll
0x00007ffe60090000 - 0x00007ffe60142000 	C:\WINDOWS\System32\KERNEL32.DLL
0x00007ffe5f3d0000 - 0x00007ffe5f675000 	C:\WINDOWS\System32\KERNELBASE.dll
0x00007ffe5c340000 - 0x00007ffe5c3cf000 	C:\WINDOWS\SYSTEM32\apphelp.dll
0x00007ffe5e9e0000 - 0x00007ffe5eada000 	C:\WINDOWS\System32\ucrtbase.dll
0x00007ffe59120000 - 0x00007ffe59139000 	C:\Program Files\JetBrains\WebStorm 2019.3.3\jbr\bin\jli.dll
0x00007ffe58e90000 - 0x00007ffe58ea7000 	C:\Program Files\JetBrains\WebStorm 2019.3.3\jbr\bin\VCRUNTIME140.dll
0x00007ffe5f8a0000 - 0x00007ffe5fa35000 	C:\WINDOWS\System32\USER32.dll
0x00007ffe5e670000 - 0x00007ffe5e691000 	C:\WINDOWS\System32\win32u.dll
0x00007ffe4e050000 - 0x00007ffe4e2d4000 	C:\WINDOWS\WinSxS\amd64_microsoft.windows.common-controls_6595b64144ccf1df_6.0.18362.1082_none_9e8193e1e45b25c1\COMCTL32.dll
0x00007ffe613e0000 - 0x00007ffe61406000 	C:\WINDOWS\System32\GDI32.dll
0x00007ffe5fc30000 - 0x00007ffe5fcce000 	C:\WINDOWS\System32\msvcrt.dll
0x00007ffe5e6a0000 - 0x00007ffe5e836000 	C:\WINDOWS\System32\gdi32full.dll
0x00007ffe5ebb0000 - 0x00007ffe5ec4e000 	C:\WINDOWS\System32\msvcp_win.dll
0x00007ffe5fd50000 - 0x00007ffe60085000 	C:\WINDOWS\System32\combase.dll
0x00007ffe61420000 - 0x00007ffe61540000 	C:\WINDOWS\System32\RPCRT4.dll
0x00007ffe5eae0000 - 0x00007ffe5eb60000 	C:\WINDOWS\System32\bcryptPrimitives.dll
0x00007ffe613b0000 - 0x00007ffe613de000 	C:\WINDOWS\System32\IMM32.DLL
0x00007ffe50ba0000 - 0x00007ffe50c3d000 	C:\Program Files\JetBrains\WebStorm 2019.3.3\jbr\bin\msvcp140.dll
0x00007ffe0d530000 - 0x00007ffe0dfed000 	C:\Program Files\JetBrains\WebStorm 2019.3.3\jbr\bin\server\jvm.dll
0x00007ffe60220000 - 0x00007ffe602c3000 	C:\WINDOWS\System32\ADVAPI32.dll
0x00007ffe609d0000 - 0x00007ffe60a67000 	C:\WINDOWS\System32\sechost.dll
0x00007ffe608f0000 - 0x00007ffe608f8000 	C:\WINDOWS\System32\PSAPI.DLL
0x00007ffe5adb0000 - 0x00007ffe5add4000 	C:\WINDOWS\SYSTEM32\WINMM.dll
0x00007ffe56be0000 - 0x00007ffe56bea000 	C:\WINDOWS\SYSTEM32\VERSION.dll
0x00007ffe495e0000 - 0x00007ffe495e9000 	C:\WINDOWS\SYSTEM32\WSOCK32.dll
0x00007ffe60900000 - 0x00007ffe6096f000 	C:\WINDOWS\System32\WS2_32.dll
0x00007ffe5ad80000 - 0x00007ffe5adad000 	C:\WINDOWS\SYSTEM32\WINMMBASE.dll
0x00007ffe5eb60000 - 0x00007ffe5ebaa000 	C:\WINDOWS\System32\cfgmgr32.dll
0x00007ffe5e5b0000 - 0x00007ffe5e5c1000 	C:\WINDOWS\System32\kernel.appcore.dll
0x00007ffe4bd40000 - 0x00007ffe4bd51000 	C:\Program Files\JetBrains\WebStorm 2019.3.3\jbr\bin\verify.dll
0x00007ffe33350000 - 0x00007ffe33544000 	C:\WINDOWS\SYSTEM32\DBGHELP.DLL
0x00007ffe31970000 - 0x00007ffe3199a000 	C:\WINDOWS\SYSTEM32\dbgcore.DLL
0x00007ffe42c20000 - 0x00007ffe42c49000 	C:\Program Files\JetBrains\WebStorm 2019.3.3\jbr\bin\java.dll
0x00007ffe5abf0000 - 0x00007ffe5abfb000 	C:\Program Files\JetBrains\WebStorm 2019.3.3\jbr\bin\jimage.dll
0x00007ffe3f890000 - 0x00007ffe3f8a8000 	C:\Program Files\JetBrains\WebStorm 2019.3.3\jbr\bin\zip.dll

dbghelp: loaded successfully - version: 4.0.5 - missing functions: none
symbol engine: initialized successfully - sym options: 0x614 - pdb path: .;C:\Program Files\JetBrains\WebStorm 2019.3.3\jbr\bin;C:\WINDOWS\SYSTEM32;C:\WINDOWS\WinSxS\amd64_microsoft.windows.common-controls_6595b64144ccf1df_6.0.18362.1082_none_9e8193e1e45b25c1;C:\Program Files\JetBrains\WebStorm 2019.3.3\jbr\bin\server

VM Arguments:
java_command: org.jetbrains.git4idea.http.GitAskPassApp Username for 'https://github.com': 
java_class_path (initial): C:/Program Files/JetBrains/WebStorm 2019.3.3/plugins/git4idea/lib/git4idea-rt.jar;C:/Program Files/JetBrains/WebStorm 2019.3.3/lib/xmlrpc-2.0.1.jar;C:/Program Files/JetBrains/WebStorm 2019.3.3/lib/commons-codec-1.14.jar
Launcher Type: SUN_STANDARD

[Global flags]
     intx CICompilerCount                          = 4                                         {product} {ergonomic}
     uint ConcGCThreads                            = 2                                         {product} {ergonomic}
     uint G1ConcRefinementThreads                  = 8                                         {product} {ergonomic}
   size_t G1HeapRegionSize                         = 1048576                                   {product} {ergonomic}
    uintx GCDrainStackTargetSize                   = 64                                        {product} {ergonomic}
   size_t InitialHeapSize                          = 201326592                                 {product} {ergonomic}
   size_t MarkStackSize                            = 4194304                                   {product} {ergonomic}
   size_t MaxHeapSize                              = 3191865344                                {product} {ergonomic}
   size_t MinHeapDeltaBytes                        = 1048576                                   {product} {ergonomic}
    uintx NonNMethodCodeHeapSize                   = 5836300                                {pd product} {ergonomic}
    uintx NonProfiledCodeHeapSize                  = 122910970                              {pd product} {ergonomic}
    uintx ProfiledCodeHeapSize                     = 122910970                              {pd product} {ergonomic}
    uintx ReservedCodeCacheSize                    = 251658240                              {pd product} {ergonomic}
     bool SegmentedCodeCache                       = true                                      {product} {ergonomic}
     bool UseCompressedClassPointers               = true                                 {lp64_product} {ergonomic}
     bool UseCompressedOops                        = true                                 {lp64_product} {ergonomic}
     bool UseG1GC                                  = true                                      {product} {ergonomic}
     bool UseLargePagesIndividualAllocation        = false                                  {pd product} {ergonomic}

Logging:
Log output configuration:
 #0: stdout all=warning uptime,level,tags
 #1: stderr all=off uptime,level,tags

Environment Variables:
PATH=C:\Program Files\Git\mingw64\libexec\git-core;C:\Program Files\Git\mingw64\libexec\git-core;C:\Program Files\Git\mingw64\bin;C:\Program Files\Git\usr\bin;C:\Users\User\bin;C:\Program Files (x86)\Common Files\Intel\Shared Files\cpp\bin\Intel64;C:\Program Files (x86)\Intel\iCLS Client;C:\Program Files\Intel\iCLS Client;C:\Windows\system32;C:\Windows;C:\Windows\System32\Wbem;C:\Windows\System32\WindowsPowerShell\v1.0;C:\Program Files\Intel\Intel(R) Management Engine Components\DAL;C:\Program Files\Intel\Intel(R) Management Engine Components\IPT;C:\Program Files (x86)\Intel\Intel(R) Management Engine Components\DAL;C:\Program Files (x86)\Intel\Intel(R) Management Engine Components\IPT;C:\Program Files (x86)\NVIDIA Corporation\PhysX\Common;C:\Program Files\Intel\WiFi\bin;C:\Program Files\Common Files\Intel\WirelessCommon;C:\WINDOWS\system32;C:\WINDOWS;C:\WINDOWS\System32\Wbem;C:\WINDOWS\System32\WindowsPowerShell\v1.0;C:\WINDOWS\System32\OpenSSH;C:\Program Files\NVIDIA Corporation\NVIDIA NvDLISR;C:\WINDOWS\system32;C:\WINDOWS;C:\WINDOWS\System32\Wbem;C:\WINDOWS\System32\WindowsPowerShell\v1.0;C:\WINDOWS\System32\OpenSSH;C:\Program Files\nodejs;C:\Program Files\Git\cmd;C:\Users\User\AppData\Local\Microsoft\WindowsApps;C:\Program Files\Intel\WiFi\bin;C:\Program Files\Common Files\Intel\WirelessCommon;E:\Programms\wget;C:\Users\User\AppData\Local\Programs\Microsoft VS Code\bin;C:\Users\User\AppData\Local\Microsoft\WindowsApps;C:\Program Files\JetBrains\WebStorm 2019.3.3\bin;C:\Users\User\AppData\Roaming\npm
USERNAME=User
DISPLAY=:0.0
LC_ALL=en_US.UTF-8
OS=Windows_NT
PROCESSOR_IDENTIFIER=Intel64 Family 6 Model 58 Stepping 9, GenuineIntel



---------------  S Y S T E M  ---------------

OS: Windows 10 , 64 bit Build 18362 (10.0.18362.1082)
OS uptime: 2 days 2:40 hours

CPU:total 8 (initial active 8) (4 cores per cpu, 2 threads per core) family 6 model 58 stepping 9, cmov, cx8, fxsr, mmx, sse, sse2, sse3, ssse3, sse4.1, sse4.2, popcnt, avx, aes, clmul, erms, ht, tsc, tscinvbit, tscinv

Memory: 4k page, system-wide physical 12170M (1710M free)
TotalPageFile size 12170M (AvailPageFile size 186M)
current process WorkingSet (physical memory assigned to process): 10M, peak: 10M
current process commit charge ("private bytes"): 60M, peak: 252M

vm_info: OpenJDK 64-Bit Server VM (11.0.8+10-b944.31) for windows-amd64 JRE (11.0.8+10-b944.31), built on Aug  6 2020 12:27:04 by "" with MS VC++ 14.0 (VS2015)

END.
